2025-05-01 20:05:45 - Inicio
Raw input: {"id_producto":"1","motivo":"Contenido inapropiado","comentarios":"test"}
Datos decodificados: Array
(
    [id_producto] => 1
    [motivo] => Contenido inapropiado
    [comentarios] => test
)

ID Producto: 1
ID Vendedor: 3
Resultado operación: Falló
2025-05-01 20:08:31 - Inicio
Raw input: {"id_producto":"1","motivo":"Contenido inapropiado","comentarios":"test"}
Datos decodificados: Array
(
    [id_producto] => 1
    [motivo] => Contenido inapropiado
    [comentarios] => test
)

ID Producto: 1
ID Vendedor: 3
Resultado operación: Falló
2025-05-01 20:24:50 - Inicio
Raw input: {"id_producto":"1","motivo":"Información falsa","comentarios":"TEST"}
Datos decodificados: Array
(
    [id_producto] => 1
    [motivo] => Información falsa
    [comentarios] => TEST
)

ID Producto: 1
ID Vendedor: 3
Resultado operación: Éxito
2025-05-01 20:29:28 - Inicio
Raw input: {"id_producto":"1","motivo":"Contenido inapropiado","comentarios":"561"}
Datos decodificados: Array
(
    [id_producto] => 1
    [motivo] => Contenido inapropiado
    [comentarios] => 561
)

ID Producto: 1
ID Vendedor: 3
2025-05-01 20:29:52 - Inicio
Raw input: {"id_producto":"3","motivo":"Contenido inapropiado","comentarios":"5897"}
Datos decodificados: Array
(
    [id_producto] => 3
    [motivo] => Contenido inapropiado
    [comentarios] => 5897
)

ID Producto: 3
ID Vendedor: 3
Resultado operación: Éxito
2025-05-01 20:30:03 - Inicio
Raw input: {"id_producto":"13","motivo":"Contenido inapropiado","comentarios":"564"}
Datos decodificados: Array
(
    [id_producto] => 13
    [motivo] => Contenido inapropiado
    [comentarios] => 564
)

ID Producto: 13
ID Vendedor: 4
Resultado operación: Éxito
2025-05-01 20:30:56 - Inicio
Raw input: {"id_producto":"12","motivo":"Contenido inapropiado","comentarios":"adfasdf"}
Datos decodificados: Array
(
    [id_producto] => 12
    [motivo] => Contenido inapropiado
    [comentarios] => adfasdf
)

ID Producto: 12
ID Vendedor: 4
Resultado operación: Éxito
2025-05-01 20:31:35 - Inicio
Raw input: {"id_producto":"17","motivo":"Información falsa","comentarios":"adcadfs"}
Datos decodificados: Array
(
    [id_producto] => 17
    [motivo] => Información falsa
    [comentarios] => adcadfs
)

ID Producto: 17
ID Vendedor: 4
Resultado operación: Éxito
2025-05-01 20:32:23 - Inicio
Raw input: {"id_producto":"17","motivo":"Información falsa","comentarios":"adcadfs"}
Datos decodificados: Array
(
    [id_producto] => 17
    [motivo] => Información falsa
    [comentarios] => adcadfs
)

ID Producto: 17
ID Vendedor: 4
Resultado operación: Éxito
2025-05-01 20:33:07 - Inicio
Raw input: {"id_producto":"22","motivo":"Información falsa","comentarios":"adsfa"}
Datos decodificados: Array
(
    [id_producto] => 22
    [motivo] => Información falsa
    [comentarios] => adsfa
)

ID Producto: 22
ID Vendedor: 4
Resultado operación: Éxito
2025-05-01 20:33:17 - Inicio
Raw input: {"id_producto":"22","motivo":"Precio incorrecto","comentarios":"asf"}
Datos decodificados: Array
(
    [id_producto] => 22
    [motivo] => Precio incorrecto
    [comentarios] => asf
)

ID Producto: 22
ID Vendedor: 4
Resultado operación: Éxito
2025-05-01 20:33:33 - Inicio
Raw input: {"id_producto":"22","motivo":"Precio incorrecto","comentarios":"asda"}
Datos decodificados: Array
(
    [id_producto] => 22
    [motivo] => Precio incorrecto
    [comentarios] => asda
)

ID Producto: 22
ID Vendedor: 4
Resultado operación: Éxito
